e:\chat\im_v1_0\x64\release\login.obj
e:\chat\im_v1_0\x64\release\moc_register.obj
e:\chat\im_v1_0\x64\release\moc_login.obj
e:\chat\im_v1_0\x64\release\main.obj
e:\chat\im_v1_0\x64\release\register.obj
e:\chat\im_v1_0\release\moc_predefs.h
e:\chat\im_v1_0\release\moc_register.cpp
e:\chat\im_v1_0\release\moc_login.cpp
e:\chat\im_v1_0\release\im_v1_0.exe
e:\chat\im_v1_0\x64\release\im_v1_0.tlog\cl.16428.write.1.tlog
e:\chat\im_v1_0\x64\release\im_v1_0.tlog\cl.command.1.tlog
e:\chat\im_v1_0\x64\release\im_v1_0.tlog\cl.read.1.tlog
e:\chat\im_v1_0\x64\release\im_v1_0.tlog\custombuild.command.1.tlog
e:\chat\im_v1_0\x64\release\im_v1_0.tlog\custombuild.read.1.tlog
e:\chat\im_v1_0\x64\release\im_v1_0.tlog\custombuild.write.1.tlog
e:\chat\im_v1_0\x64\release\im_v1_0.tlog\im_v1_0.write.1u.tlog
e:\chat\im_v1_0\x64\release\im_v1_0.tlog\link.command.1.tlog
e:\chat\im_v1_0\x64\release\im_v1_0.tlog\link.read.1.tlog
e:\chat\im_v1_0\x64\release\im_v1_0.tlog\link.write.1.tlog
e:\chat\im_v1_0\x64\release\im_v1_0.tlog\moc.read.1u.tlog
e:\chat\im_v1_0\x64\release\im_v1_0.tlog\moc.write.1u.tlog
